Using pre-set license
Built from '2020.3/release' branch; Version is '2020.3.2f1 (8fd9074bf66c) revision 9427207'; Using compiler version '192528614'; Build Type 'Release'
OS: 'Windows 10 Pro; OS build 19042.1348; Version 2009; 64bit' Language: 'pt' Physical Memory: 8060 MB
BatchMode: 1, IsHumanControllingUs: 0, StartBugReporterOnCrash: 0, Is64bit: 1, IsPro: 0

 COMMAND LINE ARGUMENTS:
C:\Program Files\Unity\Hub\Editor\2020.3.2f1\Editor\Unity.exe
-adb2
-batchMode
-noUpm
-name
AssetImportWorker0
-projectPath
C:/Users/Administrator/OneDrive/Documentos/Unity3D/Raytracing
-logFile
Logs/AssetImportWorker0.log
-srvPort
63013
Successfully changed project path to: C:/Users/Administrator/OneDrive/Documentos/Unity3D/Raytracing
C:/Users/Administrator/OneDrive/Documentos/Unity3D/Raytracing
Using Asset Import Pipeline V2.
Refreshing native plugins compatible for Editor in 28.26 ms, found 0 plugins.
Preloading 0 native plugins for Editor in 0.00 ms.
Initialize engine version: 2020.3.2f1 (8fd9074bf66c)
[Subsystems] Discovering subsystems at path C:/Program Files/Unity/Hub/Editor/2020.3.2f1/Editor/Data/Resources/UnitySubsystems
[Subsystems] Discovering subsystems at path C:/Users/Administrator/OneDrive/Documentos/Unity3D/Raytracing/Assets
GfxDevice: creating device client; threaded=0
Direct3D:
    Version:  Direct3D 11.0 [level 11.1]
    Renderer: NVIDIA GeForce GTX 1060 3GB (ID=0x1c02)
    Vendor:   
    VRAM:     2988 MB
    Driver:   30.0.14.9649
Initialize mono
Mono path[0] = 'C:/Program Files/Unity/Hub/Editor/2020.3.2f1/Editor/Data/Managed'
Mono path[1] = 'C:/Program Files/Unity/Hub/Editor/2020.3.2f1/Editor/Data/MonoBleedingEdge/lib/mono/unityjit'
Mono config path = 'C:/Program Files/Unity/Hub/Editor/2020.3.2f1/Editor/Data/MonoBleedingEdge/etc'
Using monoOptions --debugger-agent=transport=dt_socket,embedding=1,server=y,suspend=n,address=127.0.0.1:56852
Begin MonoManager ReloadAssembly
Registering precompiled unity dll's ...
Register platform support module: C:/Program Files/Unity/Hub/Editor/2020.3.2f1/Editor/Data/PlaybackEngines/WindowsStandaloneSupport/UnityEditor.WindowsStandalone.Extensions.dll
Registered in 0.002880 seconds.
Native extension for WindowsStandalone target not found
Refreshing native plugins compatible for Editor in 30.18 ms, found 0 plugins.
Preloading 0 native plugins for Editor in 0.00 ms.
Invoked RoslynAnalysisRunner static constructor.
RoslynAnalysisRunner will not be running.
RoslynAnalysisRunner has terminated.
Mono: successfully reloaded assembly
- Completed reload, in  1.498 seconds
Platform modules already initialized, skipping
Registering precompiled user dll's ...
Registered in 0.001014 seconds.
Begin MonoManager ReloadAssembly
Native extension for WindowsStandalone target not found
Refreshing native plugins compatible for Editor in 0.34 ms, found 0 plugins.
Preloading 0 native plugins for Editor in 0.00 ms.
Invoked RoslynAnalysisRunner static constructor.
RoslynAnalysisRunner will not be running.
RoslynAnalysisRunner has terminated.
Mono: successfully reloaded assembly
- Completed reload, in  1.093 seconds
Platform modules already initialized, skipping
========================================================================
Worker process is ready to serve import requests
Launched and connected shader compiler UnityShaderCompiler.exe after 0.07 seconds
Refreshing native plugins compatible for Editor in 0.26 ms, found 0 plugins.
Preloading 0 native plugins for Editor in 0.00 ms.
Unloading 1116 Unused Serialized files (Serialized files now loaded: 0)
System memory in use before: 57.3 MB.
System memory in use after: 57.3 MB.

Unloading 10 unused Assets to reduce memory usage. Loaded Objects now: 1558.
Total: 2.728100 ms (FindLiveObjects: 0.185000 ms CreateObjectMapping: 0.091800 ms MarkObjects: 2.349000 ms  DeleteObjects: 0.100300 ms)

========================================================================
Received Import Request.
  path: Assets/Materials
  artifactKey: Guid(e009096788ed29b40a8377e558f4993f) Importer(815301076,1909f56bfc062723c751e8b465ee728b)
Start importing Assets/Materials using Guid(e009096788ed29b40a8377e558f4993f) Importer(815301076,1909f56bfc062723c751e8b465ee728b)  -> (artifact id: 'ea7de1d25fbc06ce984aae84211ff63d') in 0.007922 seconds
  Import took 0.011422 seconds .

========================================================================
Received Import Request.
  Time since last request: 0.041175 seconds.
  path: Assets
  artifactKey: Guid(00000000000000001000000000000000) Importer(815301076,1909f56bfc062723c751e8b465ee728b)
Start importing Assets using Guid(00000000000000001000000000000000) Importer(815301076,1909f56bfc062723c751e8b465ee728b)  -> (artifact id: '819a33a9bd799f71faca6db75e8a216c') in 0.004937 seconds
  Import took 0.008226 seconds .

========================================================================
Received Import Request.
  Time since last request: 5.613088 seconds.
  path: Assets/Scripts
  artifactKey: Guid(070aa994a897fc64ca7aa45398b4f980) Importer(815301076,1909f56bfc062723c751e8b465ee728b)
Start importing Assets/Scripts using Guid(070aa994a897fc64ca7aa45398b4f980) Importer(815301076,1909f56bfc062723c751e8b465ee728b)  -> (artifact id: '954a0a5267f0a3473f3ac0d6a6f0cdf2') in 0.005089 seconds
  Import took 0.007809 seconds .

========================================================================
Received Prepare
Registering precompiled user dll's ...
Registered in 0.001007 seconds.
Begin MonoManager ReloadAssembly
Native extension for WindowsStandalone target not found
Refreshing native plugins compatible for Editor in 0.23 ms, found 0 plugins.
Preloading 0 native plugins for Editor in 0.00 ms.
Invoked RoslynAnalysisRunner static constructor.
RoslynAnalysisRunner will not be running.
RoslynAnalysisRunner has terminated.
Mono: successfully reloaded assembly
- Completed reload, in  0.970 seconds
Platform modules already initialized, skipping
Refreshing native plugins compatible for Editor in 0.22 ms, found 0 plugins.
Preloading 0 native plugins for Editor in 0.00 ms.
Unloading 1111 Unused Serialized files (Serialized files now loaded: 0)
System memory in use before: 57.2 MB.
System memory in use after: 57.3 MB.

Unloading 5 unused Assets to reduce memory usage. Loaded Objects now: 1561.
Total: 2.086000 ms (FindLiveObjects: 0.219700 ms CreateObjectMapping: 0.081600 ms MarkObjects: 1.650200 ms  DeleteObjects: 0.133400 ms)

========================================================================
Received Import Request.
  Time since last request: 11.363166 seconds.
  path: Assets/Materials/Mat1.mat
  artifactKey: Guid(1e9845588110de446b5085f741f173b8) Importer(815301076,1909f56bfc062723c751e8b465ee728b)
Start importing Assets/Materials/Mat1.mat using Guid(1e9845588110de446b5085f741f173b8) Importer(815301076,1909f56bfc062723c751e8b465ee728b)  -> (artifact id: '0ffa6a1dcbf071fb563866c19cca8aef') in 0.210284 seconds
  Import took 0.212788 seconds .

========================================================================
Received Import Request.
  Time since last request: 9.190438 seconds.
  path: Assets/Materials/Mat2.mat
  artifactKey: Guid(b384c91993c55db41a54bdb78bfd10ae) Importer(815301076,1909f56bfc062723c751e8b465ee728b)
Start importing Assets/Materials/Mat2.mat using Guid(b384c91993c55db41a54bdb78bfd10ae) Importer(815301076,1909f56bfc062723c751e8b465ee728b)  -> (artifact id: '6a938da522af6195bd37104e671671a0') in 0.018444 seconds
  Import took 0.021195 seconds .

========================================================================
Received Import Request.
  Time since last request: 62.042375 seconds.
  path: Assets/Materials/Mat3.mat
  artifactKey: Guid(cdee5812dfbecf440b3b0d9e0cf16f82) Importer(815301076,1909f56bfc062723c751e8b465ee728b)
Start importing Assets/Materials/Mat3.mat using Guid(cdee5812dfbecf440b3b0d9e0cf16f82) Importer(815301076,1909f56bfc062723c751e8b465ee728b)  -> (artifact id: '6f0fb0085e86a1ca92d72b47c497535b') in 0.010989 seconds
  Import took 0.015400 seconds .

========================================================================
Received Import Request.
  Time since last request: 5.385819 seconds.
  path: Assets/Materials/Ground.mat
  artifactKey: Guid(cf556b9670baf1e4f996fed0594ea5aa) Importer(815301076,1909f56bfc062723c751e8b465ee728b)
Start importing Assets/Materials/Ground.mat using Guid(cf556b9670baf1e4f996fed0594ea5aa) Importer(815301076,1909f56bfc062723c751e8b465ee728b)  -> (artifact id: '4e57a9b288ffe71e87fd8c7291618ba0') in 0.018347 seconds
  Import took 0.024485 seconds .

========================================================================
Received Import Request.
  Time since last request: 318.984252 seconds.
  path: Assets/Scripts/RaytracingBase.cs
  artifactKey: Guid(e890bd8ba273e054bbbfd2852c83bfa1) Importer(815301076,1909f56bfc062723c751e8b465ee728b)
Start importing Assets/Scripts/RaytracingBase.cs using Guid(e890bd8ba273e054bbbfd2852c83bfa1) Importer(815301076,1909f56bfc062723c751e8b465ee728b)  -> (artifact id: '42373903f5281bd7d8b6dd7bb8ee59cd') in 0.012117 seconds
  Import took 0.016681 seconds .

========================================================================
Received Import Request.
  Time since last request: 0.038075 seconds.
  path: Assets/Scripts/RaytracingBase.cs
  artifactKey: Guid(e890bd8ba273e054bbbfd2852c83bfa1) Importer(815301076,1909f56bfc062723c751e8b465ee728b)
Start importing Assets/Scripts/RaytracingBase.cs using Guid(e890bd8ba273e054bbbfd2852c83bfa1) Importer(815301076,1909f56bfc062723c751e8b465ee728b)  -> (artifact id: '42373903f5281bd7d8b6dd7bb8ee59cd') in 0.003478 seconds
  Import took 0.006260 seconds .

========================================================================
Received Prepare
Registering precompiled user dll's ...
Registered in 0.000987 seconds.
Begin MonoManager ReloadAssembly
Native extension for WindowsStandalone target not found
Refreshing native plugins compatible for Editor in 0.25 ms, found 0 plugins.
Preloading 0 native plugins for Editor in 0.00 ms.
Invoked RoslynAnalysisRunner static constructor.
RoslynAnalysisRunner will not be running.
RoslynAnalysisRunner has terminated.
Mono: successfully reloaded assembly
- Completed reload, in  1.028 seconds
Platform modules already initialized, skipping
Refreshing native plugins compatible for Editor in 0.22 ms, found 0 plugins.
Preloading 0 native plugins for Editor in 0.00 ms.
Unloading 1111 Unused Serialized files (Serialized files now loaded: 0)
System memory in use before: 60.5 MB.
System memory in use after: 60.6 MB.

Unloading 5 unused Assets to reduce memory usage. Loaded Objects now: 1604.
Total: 2.291900 ms (FindLiveObjects: 0.167300 ms CreateObjectMapping: 0.066000 ms MarkObjects: 1.985400 ms  DeleteObjects: 0.072200 ms)

========================================================================
Received Import Request.
  Time since last request: 118.496689 seconds.
  path: Assets/Scripts/RaytracingBase.cs
  artifactKey: Guid(e890bd8ba273e054bbbfd2852c83bfa1) Importer(815301076,1909f56bfc062723c751e8b465ee728b)
Start importing Assets/Scripts/RaytracingBase.cs using Guid(e890bd8ba273e054bbbfd2852c83bfa1) Importer(815301076,1909f56bfc062723c751e8b465ee728b)  -> (artifact id: '91d53dae8e283cdb322f47006d682d78') in 0.005306 seconds
  Import took 0.008302 seconds .

========================================================================
Received Prepare
Registering precompiled user dll's ...
Registered in 0.004802 seconds.
Begin MonoManager ReloadAssembly
Native extension for WindowsStandalone target not found
Refreshing native plugins compatible for Editor in 0.23 ms, found 0 plugins.
Preloading 0 native plugins for Editor in 0.00 ms.
Invoked RoslynAnalysisRunner static constructor.
RoslynAnalysisRunner will not be running.
RoslynAnalysisRunner has terminated.
Mono: successfully reloaded assembly
- Completed reload, in  1.042 seconds
Platform modules already initialized, skipping
Refreshing native plugins compatible for Editor in 0.22 ms, found 0 plugins.
Preloading 0 native plugins for Editor in 0.00 ms.
Unloading 1111 Unused Serialized files (Serialized files now loaded: 0)
System memory in use before: 60.5 MB.
System memory in use after: 60.6 MB.

Unloading 5 unused Assets to reduce memory usage. Loaded Objects now: 1607.
Total: 2.060700 ms (FindLiveObjects: 0.183700 ms CreateObjectMapping: 0.102000 ms MarkObjects: 1.703200 ms  DeleteObjects: 0.070200 ms)

========================================================================
Received Import Request.
  Time since last request: 431.009926 seconds.
  path: Assets/Scripts/RaytracingBase.cs
  artifactKey: Guid(e890bd8ba273e054bbbfd2852c83bfa1) Importer(815301076,1909f56bfc062723c751e8b465ee728b)
Start importing Assets/Scripts/RaytracingBase.cs using Guid(e890bd8ba273e054bbbfd2852c83bfa1) Importer(815301076,1909f56bfc062723c751e8b465ee728b)  -> (artifact id: '678aa8b35331b865c407f6fcbfeb77f9') in 0.005682 seconds
  Import took 0.008949 seconds .

========================================================================
Received Prepare
Registering precompiled user dll's ...
Registered in 0.001110 seconds.
Begin MonoManager ReloadAssembly
Native extension for WindowsStandalone target not found
Refreshing native plugins compatible for Editor in 0.22 ms, found 0 plugins.
Preloading 0 native plugins for Editor in 0.00 ms.
Invoked RoslynAnalysisRunner static constructor.
RoslynAnalysisRunner will not be running.
RoslynAnalysisRunner has terminated.
Mono: successfully reloaded assembly
- Completed reload, in  1.065 seconds
Platform modules already initialized, skipping
Refreshing native plugins compatible for Editor in 0.22 ms, found 0 plugins.
Preloading 0 native plugins for Editor in 0.00 ms.
Unloading 1111 Unused Serialized files (Serialized files now loaded: 0)
System memory in use before: 60.6 MB.
System memory in use after: 60.6 MB.

Unloading 5 unused Assets to reduce memory usage. Loaded Objects now: 1610.
Total: 2.337000 ms (FindLiveObjects: 0.169100 ms CreateObjectMapping: 0.064700 ms MarkObjects: 2.024700 ms  DeleteObjects: 0.077100 ms)

========================================================================
Received Prepare
Registering precompiled user dll's ...
Registered in 0.001173 seconds.
Begin MonoManager ReloadAssembly
Native extension for WindowsStandalone target not found
Refreshing native plugins compatible for Editor in 0.23 ms, found 0 plugins.
Preloading 0 native plugins for Editor in 0.00 ms.
Invoked RoslynAnalysisRunner static constructor.
RoslynAnalysisRunner will not be running.
RoslynAnalysisRunner has terminated.
Mono: successfully reloaded assembly
- Completed reload, in  1.042 seconds
Platform modules already initialized, skipping
Refreshing native plugins compatible for Editor in 0.27 ms, found 0 plugins.
Preloading 0 native plugins for Editor in 0.00 ms.
Unloading 1111 Unused Serialized files (Serialized files now loaded: 0)
System memory in use before: 60.6 MB.
System memory in use after: 60.6 MB.

Unloading 5 unused Assets to reduce memory usage. Loaded Objects now: 1613.
Total: 2.207300 ms (FindLiveObjects: 0.173500 ms CreateObjectMapping: 0.072900 ms MarkObjects: 1.901500 ms  DeleteObjects: 0.058000 ms)

========================================================================
Received Import Request.
  Time since last request: 410.833297 seconds.
  path: Assets/Scripts/RaytracingBase.cs
  artifactKey: Guid(e890bd8ba273e054bbbfd2852c83bfa1) Importer(815301076,1909f56bfc062723c751e8b465ee728b)
Start importing Assets/Scripts/RaytracingBase.cs using Guid(e890bd8ba273e054bbbfd2852c83bfa1) Importer(815301076,1909f56bfc062723c751e8b465ee728b)  -> (artifact id: '60ca23a40c86289c50efaca54b33ca32') in 0.006960 seconds
  Import took 0.010066 seconds .

========================================================================
Received Import Request.
  Time since last request: 0.011876 seconds.
  path: Assets/Scripts/RaytracingBase.cs
  artifactKey: Guid(e890bd8ba273e054bbbfd2852c83bfa1) Importer(815301076,1909f56bfc062723c751e8b465ee728b)
Start importing Assets/Scripts/RaytracingBase.cs using Guid(e890bd8ba273e054bbbfd2852c83bfa1) Importer(815301076,1909f56bfc062723c751e8b465ee728b)  -> (artifact id: '60ca23a40c86289c50efaca54b33ca32') in 0.003439 seconds
  Import took 0.005888 seconds .

========================================================================
Received Import Request.
  Time since last request: 1988.855665 seconds.
  path: Assets/Scripts/RaytracingBase.cs
  artifactKey: Guid(e890bd8ba273e054bbbfd2852c83bfa1) Importer(815301076,1909f56bfc062723c751e8b465ee728b)
Start importing Assets/Scripts/RaytracingBase.cs using Guid(e890bd8ba273e054bbbfd2852c83bfa1) Importer(815301076,1909f56bfc062723c751e8b465ee728b)  -> (artifact id: 'f4039b0bf24b13c90d391a37e5c0a40f') in 0.005607 seconds
  Import took 0.009374 seconds .

========================================================================
Received Prepare
Registering precompiled user dll's ...
Registered in 0.001035 seconds.
Begin MonoManager ReloadAssembly
Native extension for WindowsStandalone target not found
Refreshing native plugins compatible for Editor in 0.22 ms, found 0 plugins.
Preloading 0 native plugins for Editor in 0.00 ms.
Invoked RoslynAnalysisRunner static constructor.
RoslynAnalysisRunner will not be running.
RoslynAnalysisRunner has terminated.
Mono: successfully reloaded assembly
- Completed reload, in  1.081 seconds
Platform modules already initialized, skipping
Refreshing native plugins compatible for Editor in 0.22 ms, found 0 plugins.
Preloading 0 native plugins for Editor in 0.00 ms.
Unloading 1111 Unused Serialized files (Serialized files now loaded: 0)
System memory in use before: 60.6 MB.
System memory in use after: 60.6 MB.

Unloading 5 unused Assets to reduce memory usage. Loaded Objects now: 1616.
Total: 2.159300 ms (FindLiveObjects: 0.222600 ms CreateObjectMapping: 0.076800 ms MarkObjects: 1.772400 ms  DeleteObjects: 0.086000 ms)

========================================================================
Received Import Request.
  Time since last request: 35.507409 seconds.
  path: Assets/Scripts/RaytracingBase.cs
  artifactKey: Guid(e890bd8ba273e054bbbfd2852c83bfa1) Importer(815301076,1909f56bfc062723c751e8b465ee728b)
Start importing Assets/Scripts/RaytracingBase.cs using Guid(e890bd8ba273e054bbbfd2852c83bfa1) Importer(815301076,1909f56bfc062723c751e8b465ee728b)  -> (artifact id: '8c708ed562d4fa627640471b524efcb5') in 0.005564 seconds
  Import took 0.008776 seconds .

========================================================================
Received Prepare
Registering precompiled user dll's ...
Registered in 0.000997 seconds.
Begin MonoManager ReloadAssembly
Native extension for WindowsStandalone target not found
Refreshing native plugins compatible for Editor in 0.28 ms, found 0 plugins.
Preloading 0 native plugins for Editor in 0.00 ms.
Invoked RoslynAnalysisRunner static constructor.
RoslynAnalysisRunner will not be running.
RoslynAnalysisRunner has terminated.
Mono: successfully reloaded assembly
- Completed reload, in  1.095 seconds
Platform modules already initialized, skipping
Refreshing native plugins compatible for Editor in 0.38 ms, found 0 plugins.
Preloading 0 native plugins for Editor in 0.00 ms.
Unloading 1111 Unused Serialized files (Serialized files now loaded: 0)
System memory in use before: 60.6 MB.
System memory in use after: 60.7 MB.

Unloading 5 unused Assets to reduce memory usage. Loaded Objects now: 1619.
Total: 2.764400 ms (FindLiveObjects: 0.178400 ms CreateObjectMapping: 0.077800 ms MarkObjects: 2.421600 ms  DeleteObjects: 0.074300 ms)

========================================================================
Received Prepare
Registering precompiled user dll's ...
Registered in 0.001115 seconds.
Begin MonoManager ReloadAssembly
Native extension for WindowsStandalone target not found
Refreshing native plugins compatible for Editor in 0.25 ms, found 0 plugins.
Preloading 0 native plugins for Editor in 0.00 ms.
Invoked RoslynAnalysisRunner static constructor.
RoslynAnalysisRunner will not be running.
RoslynAnalysisRunner has terminated.
Mono: successfully reloaded assembly
- Completed reload, in  1.203 seconds
Platform modules already initialized, skipping
Refreshing native plugins compatible for Editor in 0.25 ms, found 0 plugins.
Preloading 0 native plugins for Editor in 0.00 ms.
Unloading 1111 Unused Serialized files (Serialized files now loaded: 0)
System memory in use before: 60.6 MB.
System memory in use after: 60.7 MB.

Unloading 5 unused Assets to reduce memory usage. Loaded Objects now: 1622.
Total: 2.442300 ms (FindLiveObjects: 0.181400 ms CreateObjectMapping: 0.120200 ms MarkObjects: 2.072800 ms  DeleteObjects: 0.065800 ms)

========================================================================
Received Import Request.
  Time since last request: 399.358246 seconds.
  path: Assets/Scripts/RaytracingBase (1).cs
  artifactKey: Guid(dd3aed7c286a2ca45b68df3f322d7174) Importer(815301076,1909f56bfc062723c751e8b465ee728b)
Start importing Assets/Scripts/RaytracingBase (1).cs using Guid(dd3aed7c286a2ca45b68df3f322d7174) Importer(815301076,1909f56bfc062723c751e8b465ee728b)  -> (artifact id: 'cb4c274d6a1674915e5ab0dc79842302') in 0.008291 seconds
  Import took 0.011707 seconds .

========================================================================
Received Import Request.
  Time since last request: 0.001179 seconds.
  path: Assets/Scripts/RaytracingBase (1).cs
  artifactKey: Guid(dd3aed7c286a2ca45b68df3f322d7174) Importer(815301076,1909f56bfc062723c751e8b465ee728b)
Start importing Assets/Scripts/RaytracingBase (1).cs using Guid(dd3aed7c286a2ca45b68df3f322d7174) Importer(815301076,1909f56bfc062723c751e8b465ee728b)  -> (artifact id: 'cb4c274d6a1674915e5ab0dc79842302') in 0.005181 seconds
  Import took 0.008228 seconds .

========================================================================
Received Prepare
Registering precompiled user dll's ...
Registered in 0.004478 seconds.
Begin MonoManager ReloadAssembly
Native extension for WindowsStandalone target not found
Refreshing native plugins compatible for Editor in 0.24 ms, found 0 plugins.
Preloading 0 native plugins for Editor in 0.00 ms.
Invoked RoslynAnalysisRunner static constructor.
RoslynAnalysisRunner will not be running.
RoslynAnalysisRunner has terminated.
Mono: successfully reloaded assembly
- Completed reload, in  1.022 seconds
Platform modules already initialized, skipping
Refreshing native plugins compatible for Editor in 0.37 ms, found 0 plugins.
Preloading 0 native plugins for Editor in 0.00 ms.
Unloading 1111 Unused Serialized files (Serialized files now loaded: 0)
System memory in use before: 60.6 MB.
System memory in use after: 60.7 MB.

Unloading 5 unused Assets to reduce memory usage. Loaded Objects now: 1625.
Total: 1.960200 ms (FindLiveObjects: 0.172500 ms CreateObjectMapping: 0.075600 ms MarkObjects: 1.640600 ms  DeleteObjects: 0.070100 ms)

========================================================================
Received Prepare
Registering precompiled user dll's ...
Registered in 0.001012 seconds.
Begin MonoManager ReloadAssembly
Native extension for WindowsStandalone target not found
Refreshing native plugins compatible for Editor in 0.24 ms, found 0 plugins.
Preloading 0 native plugins for Editor in 0.00 ms.
Invoked RoslynAnalysisRunner static constructor.
RoslynAnalysisRunner will not be running.
RoslynAnalysisRunner has terminated.
Mono: successfully reloaded assembly
- Completed reload, in  1.044 seconds
Platform modules already initialized, skipping
Refreshing native plugins compatible for Editor in 0.22 ms, found 0 plugins.
Preloading 0 native plugins for Editor in 0.00 ms.
Unloading 1110 Unused Serialized files (Serialized files now loaded: 0)
System memory in use before: 60.6 MB.
System memory in use after: 60.6 MB.

Unloading 6 unused Assets to reduce memory usage. Loaded Objects now: 1627.
Total: 2.121800 ms (FindLiveObjects: 0.306000 ms CreateObjectMapping: 0.086200 ms MarkObjects: 1.655000 ms  DeleteObjects: 0.072900 ms)

========================================================================
Received Prepare
Registering precompiled user dll's ...
Registered in 0.000996 seconds.
Begin MonoManager ReloadAssembly
Native extension for WindowsStandalone target not found
Refreshing native plugins compatible for Editor in 0.24 ms, found 0 plugins.
Preloading 0 native plugins for Editor in 0.00 ms.
Invoked RoslynAnalysisRunner static constructor.
RoslynAnalysisRunner will not be running.
RoslynAnalysisRunner has terminated.
Mono: successfully reloaded assembly
- Completed reload, in  1.038 seconds
Platform modules already initialized, skipping
Refreshing native plugins compatible for Editor in 0.23 ms, found 0 plugins.
Preloading 0 native plugins for Editor in 0.00 ms.
Unloading 1111 Unused Serialized files (Serialized files now loaded: 0)
System memory in use before: 60.6 MB.
System memory in use after: 60.7 MB.

Unloading 5 unused Assets to reduce memory usage. Loaded Objects now: 1631.
Total: 1.963400 ms (FindLiveObjects: 0.173800 ms CreateObjectMapping: 0.075900 ms MarkObjects: 1.614200 ms  DeleteObjects: 0.098700 ms)

========================================================================
Received Prepare
Registering precompiled user dll's ...
Registered in 0.001183 seconds.
Begin MonoManager ReloadAssembly
Native extension for WindowsStandalone target not found
Refreshing native plugins compatible for Editor in 0.23 ms, found 0 plugins.
Preloading 0 native plugins for Editor in 0.00 ms.
Invoked RoslynAnalysisRunner static constructor.
RoslynAnalysisRunner will not be running.
RoslynAnalysisRunner has terminated.
Mono: successfully reloaded assembly
- Completed reload, in  0.988 seconds
Platform modules already initialized, skipping
Refreshing native plugins compatible for Editor in 0.22 ms, found 0 plugins.
Preloading 0 native plugins for Editor in 0.00 ms.
Unloading 1111 Unused Serialized files (Serialized files now loaded: 0)
System memory in use before: 60.6 MB.
System memory in use after: 60.7 MB.

Unloading 5 unused Assets to reduce memory usage. Loaded Objects now: 1634.
Total: 2.301400 ms (FindLiveObjects: 0.183300 ms CreateObjectMapping: 0.070400 ms MarkObjects: 1.980100 ms  DeleteObjects: 0.066100 ms)

========================================================================
Received Prepare
Registering precompiled user dll's ...
Registered in 0.001397 seconds.
Begin MonoManager ReloadAssembly
Native extension for WindowsStandalone target not found
Refreshing native plugins compatible for Editor in 0.25 ms, found 0 plugins.
Preloading 0 native plugins for Editor in 0.00 ms.
Invoked RoslynAnalysisRunner static constructor.
RoslynAnalysisRunner will not be running.
RoslynAnalysisRunner has terminated.
Mono: successfully reloaded assembly
- Completed reload, in  1.008 seconds
Platform modules already initialized, skipping
Refreshing native plugins compatible for Editor in 0.23 ms, found 0 plugins.
Preloading 0 native plugins for Editor in 0.00 ms.
Unloading 1111 Unused Serialized files (Serialized files now loaded: 0)
System memory in use before: 60.6 MB.
System memory in use after: 60.7 MB.

Unloading 5 unused Assets to reduce memory usage. Loaded Objects now: 1637.
Total: 2.056700 ms (FindLiveObjects: 0.171300 ms CreateObjectMapping: 0.077500 ms MarkObjects: 1.735200 ms  DeleteObjects: 0.071700 ms)

========================================================================
Received Import Request.
  Time since last request: 178.271038 seconds.
  path: Assets/Scripts/RaytracingBase.cs
  artifactKey: Guid(e890bd8ba273e054bbbfd2852c83bfa1) Importer(815301076,1909f56bfc062723c751e8b465ee728b)
Start importing Assets/Scripts/RaytracingBase.cs using Guid(e890bd8ba273e054bbbfd2852c83bfa1) Importer(815301076,1909f56bfc062723c751e8b465ee728b)  -> (artifact id: 'cefd91378262fe7d48dcb6ec8d44aff7') in 0.007558 seconds
  Import took 0.010966 seconds .

========================================================================
Received Import Request.
  Time since last request: 0.031684 seconds.
  path: Assets/Scripts/RaytracingBase.cs
  artifactKey: Guid(e890bd8ba273e054bbbfd2852c83bfa1) Importer(815301076,1909f56bfc062723c751e8b465ee728b)
Start importing Assets/Scripts/RaytracingBase.cs using Guid(e890bd8ba273e054bbbfd2852c83bfa1) Importer(815301076,1909f56bfc062723c751e8b465ee728b)  -> (artifact id: 'cefd91378262fe7d48dcb6ec8d44aff7') in 0.003271 seconds
  Import took 0.007125 seconds .

========================================================================
Received Prepare
Registering precompiled user dll's ...
Registered in 0.001270 seconds.
Begin MonoManager ReloadAssembly
Native extension for WindowsStandalone target not found
Refreshing native plugins compatible for Editor in 0.24 ms, found 0 plugins.
Preloading 0 native plugins for Editor in 0.00 ms.
Invoked RoslynAnalysisRunner static constructor.
RoslynAnalysisRunner will not be running.
RoslynAnalysisRunner has terminated.
Mono: successfully reloaded assembly
- Completed reload, in  1.396 seconds
Platform modules already initialized, skipping
Refreshing native plugins compatible for Editor in 0.26 ms, found 0 plugins.
Preloading 0 native plugins for Editor in 0.00 ms.
Unloading 1111 Unused Serialized files (Serialized files now loaded: 0)
System memory in use before: 60.6 MB.
System memory in use after: 60.7 MB.

Unloading 5 unused Assets to reduce memory usage. Loaded Objects now: 1640.
Total: 3.134500 ms (FindLiveObjects: 0.275000 ms CreateObjectMapping: 0.086500 ms MarkObjects: 2.707400 ms  DeleteObjects: 0.063700 ms)

========================================================================
Received Prepare
Registering precompiled user dll's ...
Registered in 0.001033 seconds.
Begin MonoManager ReloadAssembly
Native extension for WindowsStandalone target not found
Refreshing native plugins compatible for Editor in 0.22 ms, found 0 plugins.
Preloading 0 native plugins for Editor in 0.00 ms.
Invoked RoslynAnalysisRunner static constructor.
RoslynAnalysisRunner will not be running.
RoslynAnalysisRunner has terminated.
Mono: successfully reloaded assembly
- Completed reload, in  1.010 seconds
Platform modules already initialized, skipping
Refreshing native plugins compatible for Editor in 0.24 ms, found 0 plugins.
Preloading 0 native plugins for Editor in 0.00 ms.
Unloading 1111 Unused Serialized files (Serialized files now loaded: 0)
System memory in use before: 60.6 MB.
System memory in use after: 60.7 MB.

Unloading 5 unused Assets to reduce memory usage. Loaded Objects now: 1643.
Total: 2.125500 ms (FindLiveObjects: 0.170800 ms CreateObjectMapping: 0.082000 ms MarkObjects: 1.804900 ms  DeleteObjects: 0.066500 ms)

========================================================================
Received Prepare
Registering precompiled user dll's ...
Registered in 0.000995 seconds.
Begin MonoManager ReloadAssembly
Native extension for WindowsStandalone target not found
Refreshing native plugins compatible for Editor in 0.26 ms, found 0 plugins.
Preloading 0 native plugins for Editor in 0.00 ms.
Invoked RoslynAnalysisRunner static constructor.
RoslynAnalysisRunner will not be running.
RoslynAnalysisRunner has terminated.
Mono: successfully reloaded assembly
- Completed reload, in  1.015 seconds
Platform modules already initialized, skipping
Refreshing native plugins compatible for Editor in 0.24 ms, found 0 plugins.
Preloading 0 native plugins for Editor in 0.00 ms.
Unloading 1111 Unused Serialized files (Serialized files now loaded: 0)
System memory in use before: 60.6 MB.
System memory in use after: 60.7 MB.

Unloading 5 unused Assets to reduce memory usage. Loaded Objects now: 1646.
Total: 10.986300 ms (FindLiveObjects: 0.271400 ms CreateObjectMapping: 0.217700 ms MarkObjects: 10.435900 ms  DeleteObjects: 0.059300 ms)

========================================================================
Received Prepare
Registering precompiled user dll's ...
Registered in 0.001157 seconds.
Begin MonoManager ReloadAssembly
Native extension for WindowsStandalone target not found
Refreshing native plugins compatible for Editor in 0.22 ms, found 0 plugins.
Preloading 0 native plugins for Editor in 0.00 ms.
Invoked RoslynAnalysisRunner static constructor.
RoslynAnalysisRunner will not be running.
RoslynAnalysisRunner has terminated.
Mono: successfully reloaded assembly
- Completed reload, in  1.359 seconds
Platform modules already initialized, skipping
Refreshing native plugins compatible for Editor in 0.23 ms, found 0 plugins.
Preloading 0 native plugins for Editor in 0.00 ms.
Unloading 1111 Unused Serialized files (Serialized files now loaded: 0)
System memory in use before: 60.6 MB.
System memory in use after: 60.7 MB.

Unloading 5 unused Assets to reduce memory usage. Loaded Objects now: 1649.
Total: 2.937200 ms (FindLiveObjects: 0.194500 ms CreateObjectMapping: 0.089000 ms MarkObjects: 2.555900 ms  DeleteObjects: 0.095800 ms)

========================================================================
Received Prepare
Registering precompiled user dll's ...
Registered in 0.001060 seconds.
Begin MonoManager ReloadAssembly
Native extension for WindowsStandalone target not found
Refreshing native plugins compatible for Editor in 0.23 ms, found 0 plugins.
Preloading 0 native plugins for Editor in 0.00 ms.
Invoked RoslynAnalysisRunner static constructor.
RoslynAnalysisRunner will not be running.
RoslynAnalysisRunner has terminated.
Mono: successfully reloaded assembly
- Completed reload, in  0.979 seconds
Platform modules already initialized, skipping
Refreshing native plugins compatible for Editor in 0.22 ms, found 0 plugins.
Preloading 0 native plugins for Editor in 0.00 ms.
Unloading 1111 Unused Serialized files (Serialized files now loaded: 0)
System memory in use before: 60.6 MB.
System memory in use after: 60.7 MB.

Unloading 5 unused Assets to reduce memory usage. Loaded Objects now: 1652.
Total: 2.410600 ms (FindLiveObjects: 0.268500 ms CreateObjectMapping: 0.095900 ms MarkObjects: 1.947200 ms  DeleteObjects: 0.097700 ms)

========================================================================
Received Prepare
Registering precompiled user dll's ...
Registered in 0.001011 seconds.
Begin MonoManager ReloadAssembly
Native extension for WindowsStandalone target not found
Refreshing native plugins compatible for Editor in 0.23 ms, found 0 plugins.
Preloading 0 native plugins for Editor in 0.00 ms.
Invoked RoslynAnalysisRunner static constructor.
RoslynAnalysisRunner will not be running.
RoslynAnalysisRunner has terminated.
Mono: successfully reloaded assembly
- Completed reload, in  1.000 seconds
Platform modules already initialized, skipping
Refreshing native plugins compatible for Editor in 0.35 ms, found 0 plugins.
Preloading 0 native plugins for Editor in 0.00 ms.
Unloading 1111 Unused Serialized files (Serialized files now loaded: 0)
System memory in use before: 60.6 MB.
System memory in use after: 60.7 MB.

Unloading 5 unused Assets to reduce memory usage. Loaded Objects now: 1655.
Total: 2.034000 ms (FindLiveObjects: 0.174000 ms CreateObjectMapping: 0.078500 ms MarkObjects: 1.693900 ms  DeleteObjects: 0.086500 ms)

========================================================================
Received Prepare
Registering precompiled user dll's ...
Registered in 0.001110 seconds.
Begin MonoManager ReloadAssembly
Native extension for WindowsStandalone target not found
Refreshing native plugins compatible for Editor in 0.22 ms, found 0 plugins.
Preloading 0 native plugins for Editor in 0.00 ms.
Invoked RoslynAnalysisRunner static constructor.
RoslynAnalysisRunner will not be running.
RoslynAnalysisRunner has terminated.
Mono: successfully reloaded assembly
- Completed reload, in  0.983 seconds
Platform modules already initialized, skipping
Refreshing native plugins compatible for Editor in 0.36 ms, found 0 plugins.
Preloading 0 native plugins for Editor in 0.00 ms.
Unloading 1111 Unused Serialized files (Serialized files now loaded: 0)
System memory in use before: 60.6 MB.
System memory in use after: 60.7 MB.

Unloading 5 unused Assets to reduce memory usage. Loaded Objects now: 1658.
Total: 3.720000 ms (FindLiveObjects: 0.373500 ms CreateObjectMapping: 0.071100 ms MarkObjects: 3.207600 ms  DeleteObjects: 0.066400 ms)

========================================================================
Received Import Request.
  Time since last request: 339.921619 seconds.
  path: Assets/SavedScreen.png
  artifactKey: Guid(86661bb4045c55a448a3173d2fefd417) Importer(815301076,1909f56bfc062723c751e8b465ee728b)
Start importing Assets/SavedScreen.png using Guid(86661bb4045c55a448a3173d2fefd417) Importer(815301076,1909f56bfc062723c751e8b465ee728b)  -> (artifact id: 'fe7cd147eb95522614ba8dcf0a374fc6') in 0.121594 seconds
  Import took 0.125060 seconds .

========================================================================
Received Prepare
Registering precompiled user dll's ...
Registered in 0.001171 seconds.
Begin MonoManager ReloadAssembly
Native extension for WindowsStandalone target not found
Refreshing native plugins compatible for Editor in 0.23 ms, found 0 plugins.
Preloading 0 native plugins for Editor in 0.00 ms.
Invoked RoslynAnalysisRunner static constructor.
RoslynAnalysisRunner will not be running.
RoslynAnalysisRunner has terminated.
Mono: successfully reloaded assembly
- Completed reload, in  0.985 seconds
Platform modules already initialized, skipping
Refreshing native plugins compatible for Editor in 0.25 ms, found 0 plugins.
Preloading 0 native plugins for Editor in 0.00 ms.
Unloading 1111 Unused Serialized files (Serialized files now loaded: 0)
System memory in use before: 60.7 MB.
System memory in use after: 60.7 MB.

Unloading 5 unused Assets to reduce memory usage. Loaded Objects now: 1662.
Total: 1.911900 ms (FindLiveObjects: 0.168500 ms CreateObjectMapping: 0.068400 ms MarkObjects: 1.618200 ms  DeleteObjects: 0.055900 ms)

========================================================================
Received Import Request.
  Time since last request: 34.757632 seconds.
  path: Assets/SavedScreen.png
  artifactKey: Guid(86661bb4045c55a448a3173d2fefd417) Importer(815301076,1909f56bfc062723c751e8b465ee728b)
Start importing Assets/SavedScreen.png using Guid(86661bb4045c55a448a3173d2fefd417) Importer(815301076,1909f56bfc062723c751e8b465ee728b)  -> (artifact id: 'de416bc72c784c3484fd13bc9e4a8e5a') in 0.042519 seconds
  Import took 0.045676 seconds .

========================================================================
Received Prepare
Registering precompiled user dll's ...
Registered in 0.001029 seconds.
Begin MonoManager ReloadAssembly
Native extension for WindowsStandalone target not found
Refreshing native plugins compatible for Editor in 0.27 ms, found 0 plugins.
Preloading 0 native plugins for Editor in 0.00 ms.
Invoked RoslynAnalysisRunner static constructor.
RoslynAnalysisRunner will not be running.
RoslynAnalysisRunner has terminated.
Mono: successfully reloaded assembly
- Completed reload, in  0.988 seconds
Platform modules already initialized, skipping
Refreshing native plugins compatible for Editor in 0.29 ms, found 0 plugins.
Preloading 0 native plugins for Editor in 0.00 ms.
Unloading 1111 Unused Serialized files (Serialized files now loaded: 0)
System memory in use before: 60.7 MB.
System memory in use after: 60.7 MB.

Unloading 5 unused Assets to reduce memory usage. Loaded Objects now: 1665.
Total: 1.950800 ms (FindLiveObjects: 0.172300 ms CreateObjectMapping: 0.099700 ms MarkObjects: 1.611500 ms  DeleteObjects: 0.066400 ms)

========================================================================
Received Import Request.
  Time since last request: 24.642359 seconds.
  path: Assets/SavedScreen.png
  artifactKey: Guid(86661bb4045c55a448a3173d2fefd417) Importer(815301076,1909f56bfc062723c751e8b465ee728b)
Start importing Assets/SavedScreen.png using Guid(86661bb4045c55a448a3173d2fefd417) Importer(815301076,1909f56bfc062723c751e8b465ee728b)  -> (artifact id: '72b15a1faa13b85f85b299f68358bcf2') in 0.037262 seconds
  Import took 0.042597 seconds .

========================================================================
Received Prepare
Registering precompiled user dll's ...
Registered in 0.001053 seconds.
Begin MonoManager ReloadAssembly
Native extension for WindowsStandalone target not found
Refreshing native plugins compatible for Editor in 0.25 ms, found 0 plugins.
Preloading 0 native plugins for Editor in 0.00 ms.
Invoked RoslynAnalysisRunner static constructor.
RoslynAnalysisRunner will not be running.
RoslynAnalysisRunner has terminated.
Mono: successfully reloaded assembly
- Completed reload, in  1.104 seconds
Platform modules already initialized, skipping
Refreshing native plugins compatible for Editor in 0.24 ms, found 0 plugins.
Preloading 0 native plugins for Editor in 0.00 ms.
Unloading 1111 Unused Serialized files (Serialized files now loaded: 0)
System memory in use before: 60.6 MB.
System memory in use after: 60.7 MB.

Unloading 5 unused Assets to reduce memory usage. Loaded Objects now: 1668.
Total: 2.309000 ms (FindLiveObjects: 0.201000 ms CreateObjectMapping: 0.114000 ms MarkObjects: 1.864200 ms  DeleteObjects: 0.128200 ms)

========================================================================
Received Import Request.
  Time since last request: 39.499848 seconds.
  path: Assets/SavedScreen.png
  artifactKey: Guid(86661bb4045c55a448a3173d2fefd417) Importer(815301076,1909f56bfc062723c751e8b465ee728b)
Start importing Assets/SavedScreen.png using Guid(86661bb4045c55a448a3173d2fefd417) Importer(815301076,1909f56bfc062723c751e8b465ee728b)  -> (artifact id: '7dc56af2dd016e8593e540002f3466d9') in 0.038613 seconds
  Import took 0.041353 seconds .

========================================================================
Received Prepare
Registering precompiled user dll's ...
Registered in 0.000967 seconds.
Begin MonoManager ReloadAssembly
Native extension for WindowsStandalone target not found
Refreshing native plugins compatible for Editor in 0.28 ms, found 0 plugins.
Preloading 0 native plugins for Editor in 0.00 ms.
Invoked RoslynAnalysisRunner static constructor.
RoslynAnalysisRunner will not be running.
RoslynAnalysisRunner has terminated.
Mono: successfully reloaded assembly
- Completed reload, in  1.053 seconds
Platform modules already initialized, skipping
Refreshing native plugins compatible for Editor in 0.23 ms, found 0 plugins.
Preloading 0 native plugins for Editor in 0.00 ms.
Unloading 1111 Unused Serialized files (Serialized files now loaded: 0)
System memory in use before: 60.7 MB.
System memory in use after: 60.7 MB.

Unloading 5 unused Assets to reduce memory usage. Loaded Objects now: 1671.
Total: 2.269600 ms (FindLiveObjects: 0.268800 ms CreateObjectMapping: 0.119800 ms MarkObjects: 1.810200 ms  DeleteObjects: 0.068700 ms)

========================================================================
Received Import Request.
  Time since last request: 57.082050 seconds.
  path: Assets/SavedScreen.png
  artifactKey: Guid(86661bb4045c55a448a3173d2fefd417) Importer(815301076,1909f56bfc062723c751e8b465ee728b)
Start importing Assets/SavedScreen.png using Guid(86661bb4045c55a448a3173d2fefd417) Importer(815301076,1909f56bfc062723c751e8b465ee728b)  -> (artifact id: '80bca19468141a4e242bd5d4c2a16af3') in 0.052438 seconds
  Import took 0.055135 seconds .

========================================================================
Received Prepare
Registering precompiled user dll's ...
Registered in 0.000992 seconds.
Begin MonoManager ReloadAssembly
Native extension for WindowsStandalone target not found
Refreshing native plugins compatible for Editor in 0.23 ms, found 0 plugins.
Preloading 0 native plugins for Editor in 0.00 ms.
Invoked RoslynAnalysisRunner static constructor.
RoslynAnalysisRunner will not be running.
RoslynAnalysisRunner has terminated.
Mono: successfully reloaded assembly
- Completed reload, in  0.996 seconds
Platform modules already initialized, skipping
Refreshing native plugins compatible for Editor in 0.23 ms, found 0 plugins.
Preloading 0 native plugins for Editor in 0.00 ms.
Unloading 1111 Unused Serialized files (Serialized files now loaded: 0)
System memory in use before: 60.7 MB.
System memory in use after: 60.7 MB.

Unloading 5 unused Assets to reduce memory usage. Loaded Objects now: 1674.
Total: 2.364800 ms (FindLiveObjects: 0.204400 ms CreateObjectMapping: 0.081100 ms MarkObjects: 1.983800 ms  DeleteObjects: 0.094200 ms)

========================================================================
Received Import Request.
  Time since last request: 26.132647 seconds.
  path: Assets/SavedScreen.png
  artifactKey: Guid(86661bb4045c55a448a3173d2fefd417) Importer(815301076,1909f56bfc062723c751e8b465ee728b)
Start importing Assets/SavedScreen.png using Guid(86661bb4045c55a448a3173d2fefd417) Importer(815301076,1909f56bfc062723c751e8b465ee728b)  -> (artifact id: 'edc2361c2af59cb52d8826efd5dca1c2') in 0.047990 seconds
  Import took 0.050717 seconds .

AssetImportWorkerClient::OnTransportError - code=2 error=End of file
